#
# A fatal error has been detected by the Java Runtime Environment:
#
#  EXCEPTION_ACCESS_VIOLATION (0xc0000005) at pc=0x00007ffc20ea26a7, pid=7224, tid=8416
#
# JRE version: OpenJDK Runtime Environment Temurin-17.0.2+8 (17.0.2+8) (build 17.0.2+8)
# Java VM: OpenJDK 64-Bit Server VM Temurin-17.0.2+8 (17.0.2+8, mixed mode, tiered, compressed oops, compressed class ptrs, parallel gc, windows-amd64)
# Problematic frame:
# V  [jvm.dll+0x2a26a7]
#
# No core dump will be written. Minidumps are not enabled by default on client versions of Windows
#
# If you would like to submit a bug report, please visit:
#   https://github.com/adoptium/adoptium-support/issues
#

---------------  S U M M A R Y ------------

Command Line: --add-modules=ALL-SYSTEM --add-opens=java.base/java.util=ALL-UNNAMED --add-opens=java.base/java.lang=ALL-UNNAMED --add-opens=java.base/sun.nio.fs=ALL-UNNAMED -Declipse.application=org.eclipse.jdt.ls.core.id1 -Dosgi.bundles.defaultStartLevel=4 -Declipse.product=org.eclipse.jdt.ls.core.product -Djava.import.generatesMetadataFilesAtProjectRoot=false -Dfile.encoding=utf8 -DwatchParentProcess=false -XX:+UseParallelGC -XX:GCTimeRatio=4 -XX:AdaptiveSizePolicyWeight=90 -Dsun.zip.disableMemoryMapping=true -Xmx1G -Xms100m c:\Users\Nobody\.vscode\extensions\redhat.java-1.4.0\server\plugins\org.eclipse.equinox.launcher_1.6.400.v20210924-0641.jar -configuration c:\Users\Nobody\AppData\Roaming\Code\User\globalStorage\redhat.java\1.4.0\config_ss_win -data c:\Users\Nobody\AppData\Roaming\Code\User\workspaceStorage\aeb33c1a9e6a7f189b9dbbc18b0d2e2f\redhat.java\ss_ws

Host: AMD A8-6410 APU with AMD Radeon R5 Graphics    , 4 cores, 3G,  Windows 10 , 64 bit Build 19041 (10.0.19041.1023)
Time: Wed Oct  5 18:35:38 2022 India Standard Time elapsed time: 9.887981 seconds (0d 0h 0m 9s)

---------------  T H R E A D  ---------------

Current thread (0x0000023e29ac96d0):  JavaThread "Start Level: Equinox Container: 18ea54f6-7629-4b8a-a0af-09e5b54d4226" daemon [_thread_in_vm, id=8416, stack(0x0000005789500000,0x0000005789600000)]

Stack: [0x0000005789500000,0x0000005789600000],  sp=0x00000057895fa480,  free space=1001k
Native frames: (J=compiled Java code, j=interpreted, Vv=VM code, C=native code)
V  [jvm.dll+0x2a26a7]
V  [jvm.dll+0x7ab203]
V  [jvm.dll+0x413565]
C  [java.dll+0x1a55]

Java frames: (J=compiled Java code, j=interpreted, Vv=VM code)
J 829  java.lang.ClassLoader.findBootstrapClass(Ljava/lang/String;)Ljava/lang/Class; java.base@17.0.2 (0 bytes) @ 0x0000023e1e2a6a72 [0x0000023e1e2a6a20+0x0000000000000052]
J 660 c1 jdk.internal.loader.ClassLoaders$BootClassLoader.loadClassOrNull(Ljava/lang/String;Z)Ljava/lang/Class; java.base@17.0.2 (10 bytes) @ 0x0000023e16e39b4c [0x0000023e16e399e0+0x000000000000016c]
J 651 c1 jdk.internal.loader.BuiltinClassLoader.loadClassOrNull(Ljava/lang/String;Z)Ljava/lang/Class; java.base@17.0.2 (143 bytes) @ 0x0000023e16e37134 [0x0000023e16e366c0+0x0000000000000a74]
J 659 c1 jdk.internal.loader.BuiltinClassLoader.loadClass(Ljava/lang/String;Z)Ljava/lang/Class; java.base@17.0.2 (22 bytes) @ 0x0000023e16e39544 [0x0000023e16e39440+0x0000000000000104]
J 658 c1 java.lang.ClassLoader.loadClass(Ljava/lang/String;)Ljava/lang/Class; java.base@17.0.2 (7 bytes) @ 0x0000023e16e3913c [0x0000023e16e39040+0x00000000000000fc]
j  org.eclipse.osgi.internal.loader.BundleLoader.findClass0(Ljava/lang/String;Z)Ljava/lang/Class;+25
j  org.eclipse.osgi.internal.loader.BundleLoader.findClass(Ljava/lang/String;)Ljava/lang/Class;+3
j  org.eclipse.osgi.internal.loader.ModuleClassLoader.loadClass(Ljava/lang/String;Z)Ljava/lang/Class;+5
J 658 c1 java.lang.ClassLoader.loadClass(Ljava/lang/String;)Ljava/lang/Class; java.base@17.0.2 (7 bytes) @ 0x0000023e16e3913c [0x0000023e16e39040+0x00000000000000fc]
v  ~StubRoutines::call_stub
j  java.lang.Class.getDeclaredConstructors0(Z)[Ljava/lang/reflect/Constructor;+0 java.base@17.0.2
j  java.lang.Class.privateGetDeclaredConstructors(Z)[Ljava/lang/reflect/Constructor;+52 java.base@17.0.2
j  java.lang.Class.getConstructor0([Ljava/lang/Class;I)Ljava/lang/reflect/Constructor;+14 java.base@17.0.2
j  java.lang.Class.getConstructor([Ljava/lang/Class;)Ljava/lang/reflect/Constructor;+24 java.base@17.0.2
j  org.eclipse.osgi.internal.framework.BundleContextImpl.loadBundleActivator()Lorg/osgi/framework/BundleActivator;+105
j  org.eclipse.osgi.internal.framework.BundleContextImpl.start()V+18
j  org.eclipse.osgi.internal.framework.EquinoxBundle.startWorker0()V+35
j  org.eclipse.osgi.internal.framework.EquinoxBundle$EquinoxModule.startWorker()V+4
j  org.eclipse.osgi.container.Module.doStart([Lorg/eclipse/osgi/container/Module$StartOptions;)Lorg/eclipse/osgi/container/ModuleContainerAdaptor$ModuleEvent;+190
j  org.eclipse.osgi.container.Module.start([Lorg/eclipse/osgi/container/Module$StartOptions;)V+460
j  org.eclipse.osgi.container.ModuleContainer$ContainerStartLevel$2.run()V+71
j  org.eclipse.osgi.internal.framework.EquinoxContainerAdaptor$1$1.execute(Ljava/lang/Runnable;)V+1
j  org.eclipse.osgi.container.ModuleContainer$ContainerStartLevel.incStartLevel(ILjava/util/List;Z)V+192
j  org.eclipse.osgi.container.ModuleContainer$ContainerStartLevel.incStartLevel(ILjava/util/List;Ljava/util/List;Ljava/util/List;Ljava/util/List;)V+19
j  org.eclipse.osgi.container.ModuleContainer$ContainerStartLevel.doContainerStartLevel(Lorg/eclipse/osgi/container/Module;I[Lorg/osgi/framework/FrameworkListener;)V+349
j  org.eclipse.osgi.container.ModuleContainer$ContainerStartLevel.dispatchEvent(Lorg/eclipse/osgi/container/Module;[Lorg/osgi/framework/FrameworkListener;ILjava/lang/Integer;)V+32
j  org.eclipse.osgi.container.ModuleContainer$ContainerStartLevel.dispatchEvent(Ljava/lang/Object;Ljava/lang/Object;ILjava/lang/Object;)V+15
j  org.eclipse.osgi.framework.eventmgr.EventManager.dispatchEvent(Ljava/util/Set;Lorg/eclipse/osgi/framework/eventmgr/EventDispatcher;ILjava/lang/Object;)V+48
j  org.eclipse.osgi.framework.eventmgr.EventManager$EventThread.run()V+26
v  ~StubRoutines::call_stub

siginfo: EXCEPTION_ACCESS_VIOLATION (0xc0000005), reading address 0x00004628004dbdb2


Register to memory mapping:

RIP=0x00007ffc20ea26a7 jvm.dll
RAX=0x0000023e13b1d800 points into unknown readable memory: 0x0000000000000000 | 00 00 00 00 00 00 00 00
RBX=0x0 is NULL
RCX=0x0000023e119f60a0 points into unknown readable memory: 0x0000023e000003f1 | f1 03 00 00 3e 02 00 00
RDX=0x0000000000000341 is an unknown value
RSP=0x00000057895fa480 is pointing into the stack for thread: 0x0000023e29ac96d0
RBP=0x00000057895fa710 is pointing into the stack for thread: 0x0000023e29ac96d0
RSI=0x0 is NULL
RDI=0x00004628004dbdb2 is an unknown value
R8 =0x0000023e13b61148 points into unknown readable memory: 0x616a001722f8ffff | ff ff f8 22 17 00 6a 61
R9 =0x00000000a52422f8 is an unknown value
R10=0x0000023e119f60a0 points into unknown readable memory: 0x0000023e000003f1 | f1 03 00 00 3e 02 00 00
R11=0x8101010101010100 is an unknown value
R12=0x00000000a52422f8 is an unknown value
R13=0x0000023e13b61148 points into unknown readable memory: 0x616a001722f8ffff | ff ff f8 22 17 00 6a 61
R14=0x0 is NULL
R15=0x0000023e29ac96d0 is a thread


Registers:
RAX=0x0000023e13b1d800, RBX=0x0000000000000000, RCX=0x0000023e119f60a0, RDX=0x0000000000000341
RSP=0x00000057895fa480, RBP=0x00000057895fa710, RSI=0x0000000000000000, RDI=0x00004628004dbdb2
R8 =0x0000023e13b61148, R9 =0x00000000a52422f8, R10=0x0000023e119f60a0, R11=0x8101010101010100
R12=0x00000000a52422f8, R13=0x0000023e13b61148, R14=0x0000000000000000, R15=0x0000023e29ac96d0
RIP=0x00007ffc20ea26a7, EFLAGS=0x0000000000010206

Top of Stack: (sp=0x00000057895fa480)
0x00000057895fa480:   00000057895fa5c0 00007ffc2139ea8f
0x00000057895fa490:   00000001000472b8 0000000000000012
0x00000057895fa4a0:   0000023e29ac96d0 00007ffc213ab203
0x00000057895fa4b0:   0000000000000000 00000057895fa700
0x00000057895fa4c0:   0000023e12ec0000 0000000000000000
0x00000057895fa4d0:   000000003915b6d2 0000000000000017
0x00000057895fa4e0:   00000057895fa610 00007ffc213a08fd
0x00000057895fa4f0:   0000023e119f60a0 0000000000000002
0x00000057895fa500:   0000000000000000 0000000000000000
0x00000057895fa510:   00000057895f0000 00007ffc20f935a6
0x00000057895fa520:   000000003915b6d2 0000000000000017
0x00000057895fa530:   00000057895fa610 00007ffc20fd55f3
0x00000057895fa540:   0000000000000017 0000023e29ac96d0
0x00000057895fa550:   0000023e297826a0 0000023e29a503c0
0x00000057895fa560:   0000023e29a50438 0000023e29a504a8
0x00000057895fa570:   00000000000000d8 00000057895fadc8 

Instructions: (pc=0x00007ffc20ea26a7)
0x00007ffc20ea25a7:   24 20 48 8b 4c 24 38 41 ff c0 48 83 c1 08 44 89
0x00007ffc20ea25b7:   44 24 20 48 89 4c 24 38 44 3b 02 0f 8c fc fd ff
0x00007ffc20ea25c7:   ff 4c 8b bc 24 30 01 00 00 4c 8b ac 24 38 01 00
0x00007ffc20ea25d7:   00 4c 8b a4 24 40 01 00 00 48 8b bc 24 48 01 00
0x00007ffc20ea25e7:   00 48 8b b4 24 50 01 00 00 48 8b 9c 24 80 01 00
0x00007ffc20ea25f7:   00 48 8b 4d 20 48 33 cc e8 4c 8c 5e 00 48 81 c4
0x00007ffc20ea2607:   58 01 00 00 41 5e 5d c3 cc 48 89 5c 24 08 57 48
0x00007ffc20ea2617:   83 ec 20 48 8b d9 48 8b fa 48 8b 49 10 48 8b 01
0x00007ffc20ea2627:   ff 90 e8 00 00 00 48 3b f8 74 31 48 8b 5b 18 48
0x00007ffc20ea2637:   85 db 74 1b 0f 1f 44 00 00 48 8b cb e8 18 ed 3f
0x00007ffc20ea2647:   00 48 3b c7 74 16 48 8b 5b 08 48 85 db 75 ea 32
0x00007ffc20ea2657:   c0 48 8b 5c 24 30 48 83 c4 20 5f c3 48 8b 5c 24
0x00007ffc20ea2667:   30 b0 01 48 83 c4 20 5f c3 0f b6 05 61 66 8c 00
0x00007ffc20ea2677:   c3 cc cc cc cc cc cc cc cc 48 89 5c 24 08 57 48
0x00007ffc20ea2687:   83 ec 20 49 8b d9 44 8b ca 41 8b c1 33 d2 f7 31
0x00007ffc20ea2697:   48 8b 41 08 48 63 fa 48 8b 3c f8 48 85 ff 74 18
0x00007ffc20ea26a7:   44 39 0f 75 0a 48 8b 47 10 4c 39 40 18 74 16 48
0x00007ffc20ea26b7:   8b 7f 08 48 85 ff 75 e8 33 c0 48 8b 5c 24 30 48
0x00007ffc20ea26c7:   83 c4 20 5f c3 48 85 db 74 1e 48 83 3b 00 74 18
0x00007ffc20ea26d7:   e8 74 56 0e 00 84 c0 74 0f 48 8b 13 48 8b cf e8
0x00007ffc20ea26e7:   25 ff ff ff 84 c0 74 d0 48 8b 47 10 48 8b 5c 24
0x00007ffc20ea26f7:   30 48 83 c4 20 5f c3 cc cc 44 8b d2 33 d2 41 8b
0x00007ffc20ea2707:   c2 f7 31 48 8b 41 08 4c 63 ca 4a 8b 04 c8 48 85
0x00007ffc20ea2717:   c0 74 19 44 39 10 75 0a 48 8b 48 10 4c 39 41 18
0x00007ffc20ea2727:   74 06 48 8b 40 08 eb e6 48 8b c1 c3 c3 cc cc cc
0x00007ffc20ea2737:   cc cc cc cc cc cc cc cc cc 48 8b 41 08 48 63 d2
0x00007ffc20ea2747:   48 8b 04 d0 48 85 c0 74 1f 48 8b 4c 24 28 44 39
0x00007ffc20ea2757:   00 75 0c 4c 39 48 10 75 06 48 39 48 18 74 0b 48
0x00007ffc20ea2767:   8b 40 08 48 85 c0 75 e6 33 c0 c3 cc cc cc cc cc
0x00007ffc20ea2777:   cc cc cc cc cc cc cc cc cc 48 8b 49 28 48 85 c9
0x00007ffc20ea2787:   75 03 33 c0 c3 48 ff 25 8d 38 85 00 cc cc cc cc
0x00007ffc20ea2797:   cc cc cc cc cc cc cc cc cc 48 89 6c 24 18 48 89 


Stack slot to memory mapping:
stack at sp + 0 slots: 0x00000057895fa5c0 is pointing into the stack for thread: 0x0000023e29ac96d0
stack at sp + 1 slots: 0x00007ffc2139ea8f jvm.dll
stack at sp + 2 slots: 0x00000001000472b8 is a pointer to class: 
java.lang.Runnable {0x00000001000472c0}
 - instance size:     2
 - klass size:        63
 - access:            public interface abstract 
 - state:             linked
 - name:              'java/lang/Runnable'
 - super:             'java/lang/Object'
 - sub:               
 - nof implementors:  2
 - arrays:            'java/lang/Runnable'[]
 - methods:           Array<T>(0x0000023e27c38e40)
 - method ordering:   Array<T>(0x0000023e27c00018)
 - default_methods:   Array<T>(0x0000000000000000)
 - local interfaces:  Array<T>(0x0000023e27c00058)
 - trans. interfaces: Array<T>(0x0000023e27c00058)
 - constants:         constant pool [9] {0x0000023e27c38d90} for 'java/lang/Runnable' cache=0x0000023e27d116f0
 - class loader data:  loader data: 0x0000023e13b1d3f0 of 'bootstrap'
 - class annotations:       Array<T>(0x0000023e27c38ed8)
 - class type annotations:  Array<T>(0x0000000000000000)
 - field annotations:       Array<T>(0x0000000000000000)
 - field type annotations:  Array<T>(0x0000000000000000)
 - inner classes:     Array<T>(0x0000023e27c00028)
 - nest members:     Array<T>(0x0000023e27c00028)
 - permitted subclasses:     Array<T>(0x0000023e27c00028)
 - java mirror:       a 'java/lang/Class'{0x00000000eab02000} = 'java/lang/Runnable'
 - vtable length      5  (start addr: 0x0000000100047480)
 - itable length      0 (start addr: 0x00000001000474a8)
 - ---- static fields (0 words):
 - ---- non-static fields (0 words):
 - non-static oop maps: 
stack at sp + 3 slots: 0x0000000000000012 is an unknown value
stack at sp + 4 slots: 0x0000023e29ac96d0 is a thread
stack at sp + 5 slots: 0x00007ffc213ab203 jvm.dll
stack at sp + 6 slots: 0x0 is NULL
stack at sp + 7 slots: 0x00000057895fa700 is pointing into the stack for thread: 0x0000023e29ac96d0


---------------  P R O C E S S  ---------------

Threads class SMR info:
_java_thread_list=0x0000023e297895d0, length=15, elements={
0x0000023e13afd970, 0x0000023e13bde5a0, 0x0000023e279134f0, 0x0000023e27937140,
0x0000023e27937ec0, 0x0000023e27939990, 0x0000023e2793c260, 0x0000023e2793df10,
0x0000023e279520c0, 0x0000023e29308030, 0x0000023e293923a0, 0x0000023e294e2290,
0x0000023e29a92e10, 0x0000023e29ac9200, 0x0000023e29ac96d0
}

Java Threads: ( => current thread )
  0x0000023e13afd970 JavaThread "main" [_thread_blocked, id=2944, stack(0x0000005788400000,0x0000005788500000)]
  0x0000023e13bde5a0 JavaThread "Reference Handler" daemon [_thread_blocked, id=7260, stack(0x0000005788700000,0x0000005788800000)]
  0x0000023e279134f0 JavaThread "Finalizer" daemon [_thread_blocked, id=10044, stack(0x0000005788800000,0x0000005788900000)]
  0x0000023e27937140 JavaThread "Signal Dispatcher" daemon [_thread_blocked, id=4128, stack(0x0000005788900000,0x0000005788a00000)]
  0x0000023e27937ec0 JavaThread "Attach Listener" daemon [_thread_blocked, id=9844, stack(0x0000005788a00000,0x0000005788b00000)]
  0x0000023e27939990 JavaThread "Service Thread" daemon [_thread_blocked, id=11556, stack(0x0000005788b00000,0x0000005788c00000)]
  0x0000023e2793c260 JavaThread "Monitor Deflation Thread" daemon [_thread_blocked, id=2600, stack(0x0000005788c00000,0x0000005788d00000)]
  0x0000023e2793df10 JavaThread "C2 CompilerThread0" daemon [_thread_blocked, id=556, stack(0x0000005788d00000,0x0000005788e00000)]
  0x0000023e279520c0 JavaThread "C1 CompilerThread0" daemon [_thread_blocked, id=9896, stack(0x0000005788e00000,0x0000005788f00000)]
  0x0000023e29308030 JavaThread "Sweeper thread" daemon [_thread_blocked, id=11380, stack(0x0000005788f00000,0x0000005789000000)]
  0x0000023e293923a0 JavaThread "Common-Cleaner" daemon [_thread_blocked, id=8324, stack(0x0000005789000000,0x0000005789100000)]
  0x0000023e294e2290 JavaThread "Notification Thread" daemon [_thread_blocked, id=4228, stack(0x0000005789100000,0x0000005789200000)]
  0x0000023e29a92e10 JavaThread "Active Thread: Equinox Container: 18ea54f6-7629-4b8a-a0af-09e5b54d4226" [_thread_blocked, id=11564, stack(0x0000005789300000,0x0000005789400000)]
  0x0000023e29ac9200 JavaThread "Framework Event Dispatcher: Equinox Container: 18ea54f6-7629-4b8a-a0af-09e5b54d4226" daemon [_thread_blocked, id=9260, stack(0x0000005789400000,0x0000005789500000)]
=>0x0000023e29ac96d0 JavaThread "Start Level: Equinox Container: 18ea54f6-7629-4b8a-a0af-09e5b54d4226" daemon [_thread_in_vm, id=8416, stack(0x0000005789500000,0x0000005789600000)]

Other Threads:
  0x0000023e278fd120 VMThread "VM Thread" [stack: 0x0000005788600000,0x0000005788700000] [id=10720] _threads_hazard_ptr=0x0000023e297895d0
  0x0000023e294e2970 WatcherThread [stack: 0x0000005789200000,0x0000005789300000] [id=4668]
  0x0000023e13b14590 GCTaskThread "GC Thread#0" [stack: 0x0000005788500000,0x0000005788600000] [id=10868]

Threads with active compile tasks:

VM state: synchronizing (normal execution)

VM Mutex/Monitor currently owned by a thread:  ([mutex/lock_event])
[0x0000023e13af92d0] Threads_lock - owner thread: 0x0000023e278fd120

Heap address: 0x00000000c0000000, size: 1024 MB, Compressed Oops mode: 32-bit

CDS archive(s) not mapped
Compressed class space mapped at: 0x0000000100000000-0x0000000140000000, reserved size: 1073741824
Narrow klass base: 0x0000000000000000, Narrow klass shift: 3, Narrow klass range: 0x140000000

GC Precious Log:
 CPUs: 4 total, 4 available
 Memory: 3544M
 Large Page Support: Disabled
 NUMA Support: Disabled
 Compressed Oops: Enabled (32-bit)
 Alignments: Space 512K, Generation 512K, Heap 2M
 Heap Min Capacity: 100M
 Heap Initial Capacity: 100M
 Heap Max Capacity: 1G
 Pre-touch: Disabled
 Parallel Workers: 4

Heap:
 PSYoungGen      total 29696K, used 24578K [0x00000000eab00000, 0x00000000ecc00000, 0x0000000100000000)
  eden space 25600K, 96% used [0x00000000eab00000,0x00000000ec3009c8,0x00000000ec400000)
  from space 4096K, 0% used [0x00000000ec800000,0x00000000ec800000,0x00000000ecc00000)
  to   space 4096K, 0% used [0x00000000ec400000,0x00000000ec400000,0x00000000ec800000)
 ParOldGen       total 68608K, used 0K [0x00000000c0000000, 0x00000000c4300000, 0x00000000eab00000)
  object space 68608K, 0% used [0x00000000c0000000,0x00000000c0000000,0x00000000c4300000)
 Metaspace       used 12875K, committed 13056K, reserved 1064960K
  class space    used 1306K, committed 1408K, reserved 1048576K

Card table byte_map: [0x0000023e134c0000,0x0000023e136d0000] _byte_map_base: 0x0000023e12ec0000

Marking Bits: (ParMarkBitMap*) 0x00007ffc21783af0
 Begin Bits: [0x0000023e25790000, 0x0000023e26790000)
 End Bits:   [0x0000023e26790000, 0x0000023e27790000)

Polling page: 0x0000023e11b00000

Metaspace:

Usage:
  Non-class:     11.30 MB used.
      Class:      1.28 MB used.
       Both:     12.57 MB used.

Virtual space:
  Non-class space:       16.00 MB reserved,      11.38 MB ( 71%) committed,  2 nodes.
      Class space:        1.00 GB reserved,       1.38 MB ( <1%) committed,  1 nodes.
             Both:        1.02 GB reserved,      12.75 MB (  1%) committed. 

Chunk freelists:
   Non-Class:  3.78 MB
       Class:  2.58 MB
        Both:  6.36 MB

MaxMetaspaceSize: unlimited
CompressedClassSpaceSize: 1.00 GB
Initial GC threshold: 21.00 MB
Current GC threshold: 21.00 MB
CDS: off
MetaspaceReclaimPolicy: balanced
 - commit_granule_bytes: 65536.
 - commit_granule_words: 8192.
 - virtual_space_node_default_size: 1048576.
 - enlarge_chunks_in_place: 1.
 - new_chunks_are_fully_committed: 0.
 - uncommit_free_chunks: 1.
 - use_allocation_guard: 0.
 - handle_deallocations: 1.


Internal statistics:

num_allocs_failed_limit: 0.
num_arena_births: 62.
num_arena_deaths: 0.
num_vsnodes_births: 3.
num_vsnodes_deaths: 0.
num_space_committed: 204.
num_space_uncommitted: 0.
num_chunks_returned_to_freelist: 0.
num_chunks_taken_from_freelist: 211.
num_chunk_merges: 0.
num_chunk_splits: 134.
num_chunks_enlarged: 103.
num_purges: 0.
num_inconsistent_stats: 0.

CodeHeap 'non-profiled nmethods': size=120000Kb used=395Kb max_used=395Kb free=119605Kb
 bounds [0x0000023e1e260000, 0x0000023e1e4d0000, 0x0000023e25790000]
CodeHeap 'profiled nmethods': size=120000Kb used=2266Kb max_used=2266Kb free=117733Kb
 bounds [0x0000023e16d30000, 0x0000023e16fa0000, 0x0000023e1e260000]
CodeHeap 'non-nmethods': size=5760Kb used=1143Kb max_used=1160Kb free=4616Kb
 bounds [0x0000023e16790000, 0x0000023e16a00000, 0x0000023e16d30000]
 total_blobs=1673 nmethods=1236 adapters=353
 compilation: enabled
              stopped_count=0, restarted_count=0
 full_count=0

Compilation events (20 events):
Event: 8.339 Thread 0x0000023e279520c0 nmethod 1226 0x0000023e16f62690 code [0x0000023e16f62860, 0x0000023e16f62cb8]
Event: 8.339 Thread 0x0000023e279520c0 1227       3       java.security.SecureClassLoader::defineClass (16 bytes)
Event: 8.340 Thread 0x0000023e279520c0 nmethod 1227 0x0000023e16f62e10 code [0x0000023e16f62fc0, 0x0000023e16f63158]
Event: 8.340 Thread 0x0000023e279520c0 1229       3       jdk.internal.loader.URLClassPath$JarLoader$2::getBytes (48 bytes)
Event: 8.342 Thread 0x0000023e279520c0 nmethod 1229 0x0000023e16f63210 code [0x0000023e16f63400, 0x0000023e16f639c8]
Event: 8.348 Thread 0x0000023e2793df10 nmethod 1224 0x0000023e1e2c0210 code [0x0000023e1e2c03c0, 0x0000023e1e2c0878]
Event: 8.372 Thread 0x0000023e279520c0 1230       1       org.eclipse.osgi.framework.eventmgr.CopyOnWriteIdentityMap::entries (5 bytes)
Event: 8.373 Thread 0x0000023e279520c0 nmethod 1230 0x0000023e1e2c0b90 code [0x0000023e1e2c0d20, 0x0000023e1e2c0df8]
Event: 8.586 Thread 0x0000023e279520c0 1231       3       org.eclipse.osgi.container.Module::compareTo (9 bytes)
Event: 8.587 Thread 0x0000023e279520c0 nmethod 1231 0x0000023e16f63c10 code [0x0000023e16f63dc0, 0x0000023e16f63fe8]
Event: 8.587 Thread 0x0000023e279520c0 1232       3       org.eclipse.osgi.container.Module::compareTo (54 bytes)
Event: 8.588 Thread 0x0000023e279520c0 nmethod 1232 0x0000023e16f64090 code [0x0000023e16f64260, 0x0000023e16f64578]
Event: 8.594 Thread 0x0000023e279520c0 1233       3       java.util.WeakHashMap::matchesKey (33 bytes)
Event: 8.595 Thread 0x0000023e279520c0 nmethod 1233 0x0000023e16f64690 code [0x0000023e16f64860, 0x0000023e16f64d58]
Event: 8.601 Thread 0x0000023e279520c0 1234       3       java.util.HashMap::putVal (300 bytes)
Event: 8.601 Thread 0x0000023e2793df10 1235       4       java.util.HashMap::get (19 bytes)
Event: 8.605 Thread 0x0000023e279520c0 nmethod 1234 0x0000023e16f64f10 code [0x0000023e16f651c0, 0x0000023e16f662d8]
Event: 8.625 Thread 0x0000023e2793df10 nmethod 1235 0x0000023e1e2c0e90 code [0x0000023e1e2c1040, 0x0000023e1e2c14f8]
Event: 8.625 Thread 0x0000023e2793df10 1236       4       java.util.HashMap::put (13 bytes)
Event: 8.688 Thread 0x0000023e2793df10 nmethod 1236 0x0000023e1e2c1810 code [0x0000023e1e2c1a40, 0x0000023e1e2c2500]

GC Heap History (0 events):
No events

Deoptimization events (20 events):
Event: 7.365 Thread 0x0000023e13afd970 DEOPT PACKING pc=0x0000023e1e2ae314 sp=0x00000057884fe020
Event: 7.365 Thread 0x0000023e13afd970 DEOPT UNPACKING pc=0x0000023e167e20a3 sp=0x00000057884fdf38 mode 2
Event: 7.376 Thread 0x0000023e13afd970 Uncommon trap: trap_request=0xffffffde fr.pc=0x0000023e1e2ae314 relative=0x00000000000008f4
Event: 7.376 Thread 0x0000023e13afd970 Uncommon trap: reason=class_check action=maybe_recompile pc=0x0000023e1e2ae314 method=java.util.HashMap.putVal(ILjava/lang/Object;Ljava/lang/Object;ZZ)Ljava/lang/Object; @ 253 c2
Event: 7.376 Thread 0x0000023e13afd970 DEOPT PACKING pc=0x0000023e1e2ae314 sp=0x00000057884fe0a0
Event: 7.376 Thread 0x0000023e13afd970 DEOPT UNPACKING pc=0x0000023e167e20a3 sp=0x00000057884fdfb8 mode 2
Event: 7.381 Thread 0x0000023e13afd970 Uncommon trap: trap_request=0xffffffde fr.pc=0x0000023e1e26dde0 relative=0x0000000000000380
Event: 7.381 Thread 0x0000023e13afd970 Uncommon trap: reason=class_check action=maybe_recompile pc=0x0000023e1e26dde0 method=java.util.HashMap.putVal(ILjava/lang/Object;Ljava/lang/Object;ZZ)Ljava/lang/Object; @ 253 c2
Event: 7.381 Thread 0x0000023e13afd970 DEOPT PACKING pc=0x0000023e1e26dde0 sp=0x00000057884fe020
Event: 7.381 Thread 0x0000023e13afd970 DEOPT UNPACKING pc=0x0000023e167e20a3 sp=0x00000057884fdfb0 mode 2
Event: 7.820 Thread 0x0000023e13afd970 Uncommon trap: trap_request=0xffffffde fr.pc=0x0000023e1e2b9490 relative=0x0000000000000970
Event: 7.820 Thread 0x0000023e13afd970 Uncommon trap: reason=class_check action=maybe_recompile pc=0x0000023e1e2b9490 method=java.util.HashMap.putVal(ILjava/lang/Object;Ljava/lang/Object;ZZ)Ljava/lang/Object; @ 91 c2
Event: 7.820 Thread 0x0000023e13afd970 DEOPT PACKING pc=0x0000023e1e2b9490 sp=0x00000057884fcde0
Event: 7.820 Thread 0x0000023e13afd970 DEOPT UNPACKING pc=0x0000023e167e20a3 sp=0x00000057884fcce0 mode 2
Event: 7.820 Thread 0x0000023e13afd970 Uncommon trap: trap_request=0xffffffde fr.pc=0x0000023e1e2b9490 relative=0x0000000000000970
Event: 7.820 Thread 0x0000023e13afd970 Uncommon trap: reason=class_check action=maybe_recompile pc=0x0000023e1e2b9490 method=java.util.HashMap.putVal(ILjava/lang/Object;Ljava/lang/Object;ZZ)Ljava/lang/Object; @ 91 c2
Event: 7.820 Thread 0x0000023e13afd970 DEOPT PACKING pc=0x0000023e1e2b9490 sp=0x00000057884fcde0
Event: 7.820 Thread 0x0000023e13afd970 DEOPT UNPACKING pc=0x0000023e167e20a3 sp=0x00000057884fcce0 mode 2
Event: 8.608 Thread 0x0000023e29ac96d0 DEOPT PACKING pc=0x0000023e16dcc78c sp=0x00000057895fde60
Event: 8.608 Thread 0x0000023e29ac96d0 DEOPT UNPACKING pc=0x0000023e167e2843 sp=0x00000057895fd2f0 mode 0

Classes unloaded (0 events):
No events

Classes redefined (0 events):
No events

Internal exceptions (20 events):
Event: 2.668 Thread 0x0000023e13afd970 Exception <a 'java/io/FileNotFoundException'{0x00000000eaf88160}> (0x00000000eaf88160) 
thrown [e:\jenkins\tmp\workspace\build\src\src\hotspot\share\prims\jni.cpp, line 516]
Event: 2.670 Thread 0x0000023e13afd970 Exception <a 'java/io/FileNotFoundException'{0x00000000eaf88de0}> (0x00000000eaf88de0) 
thrown [e:\jenkins\tmp\workspace\build\src\src\hotspot\share\prims\jni.cpp, line 516]
Event: 2.671 Thread 0x0000023e13afd970 Exception <a 'java/io/FileNotFoundException'{0x00000000eaf89a38}> (0x00000000eaf89a38) 
thrown [e:\jenkins\tmp\workspace\build\src\src\hotspot\share\prims\jni.cpp, line 516]
Event: 2.797 Thread 0x0000023e13afd970 Exception <a 'java/io/FileNotFoundException'{0x00000000eafab6e8}> (0x00000000eafab6e8) 
thrown [e:\jenkins\tmp\workspace\build\src\src\hotspot\share\prims\jni.cpp, line 516]
Event: 3.909 Thread 0x0000023e13afd970 Exception <a 'java/lang/ClassNotFoundException'{0x00000000eb635d88}: sun/net/www/protocol/c/Handler> (0x00000000eb635d88) 
thrown [e:\jenkins\tmp\workspace\build\src\src\hotspot\share\classfile\systemDictionary.cpp, line 256]
Event: 3.923 Thread 0x0000023e13afd970 Exception <a 'java/lang/ClassNotFoundException'{0x00000000eb6370e8}: sun/net/www/protocol/c/Handler> (0x00000000eb6370e8) 
thrown [e:\jenkins\tmp\workspace\build\src\src\hotspot\share\classfile\systemDictionary.cpp, line 256]
Event: 3.924 Thread 0x0000023e13afd970 Exception <a 'java/lang/ClassNotFoundException'{0x00000000eb6382b0}: sun/net/www/protocol/c/Handler> (0x00000000eb6382b0) 
thrown [e:\jenkins\tmp\workspace\build\src\src\hotspot\share\classfile\systemDictionary.cpp, line 256]
Event: 3.982 Thread 0x0000023e13afd970 Exception <a 'java/io/FileNotFoundException'{0x00000000eb651be8}> (0x00000000eb651be8) 
thrown [e:\jenkins\tmp\workspace\build\src\src\hotspot\share\prims\jni.cpp, line 516]
Event: 4.163 Thread 0x0000023e13afd970 Implicit null exception at 0x0000023e1e28eb71 to 0x0000023e1e28ed4c
Event: 4.422 Thread 0x0000023e13afd970 Exception <a 'java/lang/NoSuchMethodError'{0x00000000eb8319e8}: 'int java.lang.invoke.DirectMethodHandle$Holder.invokeStaticInit(java.lang.Object, java.lang.Object, java.lang.Object, java.lang.Object)'> (0x00000000eb8319e8) 
thrown [e:\jenkins\tmp\workspace\build\src\src\hotspot\share\interpreter\linkResolver.cpp, line 766]
Event: 4.432 Thread 0x0000023e13afd970 Exception <a 'java/lang/NoSuchMethodError'{0x00000000eb83c058}: 'java.lang.Object java.lang.invoke.DirectMethodHandle$Holder.invokeInterface(java.lang.Object, java.lang.Object)'> (0x00000000eb83c058) 
thrown [e:\jenkins\tmp\workspace\build\src\src\hotspot\share\interpreter\linkResolver.cpp, line 766]
Event: 4.436 Thread 0x0000023e13afd970 Exception <a 'java/lang/IncompatibleClassChangeError'{0x00000000eb83f850}: Found class java.lang.Object, but interface was expected> (0x00000000eb83f850) 
thrown [e:\jenkins\tmp\workspace\build\src\src\hotspot\share\interpreter\linkResolver.cpp, line 833]
Event: 4.442 Thread 0x0000023e13afd970 Exception <a 'java/lang/NoSuchMethodError'{0x00000000eb842770}: 'void java.lang.invoke.DirectMethodHandle$Holder.invokeStatic(java.lang.Object, java.lang.Object)'> (0x00000000eb842770) 
thrown [e:\jenkins\tmp\workspace\build\src\src\hotspot\share\interpreter\linkResolver.cpp, line 766]
Event: 4.444 Thread 0x0000023e13afd970 Exception <a 'java/lang/NoSuchMethodError'{0x00000000eb845f70}: 'void java.lang.invoke.DirectMethodHandle$Holder.invokeStaticInit(java.lang.Object, java.lang.Object)'> (0x00000000eb845f70) 
thrown [e:\jenkins\tmp\workspace\build\src\src\hotspot\share\interpreter\linkResolver.cpp, line 766]
Event: 4.454 Thread 0x0000023e13afd970 Exception <a 'java/lang/NoSuchMethodError'{0x00000000eb84baf0}: 'int java.lang.invoke.DirectMethodHandle$Holder.invokeStaticInit(java.lang.Object, java.lang.Object)'> (0x00000000eb84baf0) 
thrown [e:\jenkins\tmp\workspace\build\src\src\hotspot\share\interpreter\linkResolver.cpp, line 766]
Event: 4.566 Thread 0x0000023e13afd970 Exception <a 'java/lang/NoSuchMethodError'{0x00000000eb89d2b8}: 'java.lang.Object java.lang.invoke.DirectMethodHandle$Holder.invokeStaticInit(java.lang.Object, int, int, int, int)'> (0x00000000eb89d2b8) 
thrown [e:\jenkins\tmp\workspace\build\src\src\hotspot\share\interpreter\linkResolver.cpp, line 766]
Event: 4.741 Thread 0x0000023e13afd970 Exception <a 'java/lang/NoSuchMethodError'{0x00000000eb8b9138}: 'java.lang.Object java.lang.invoke.DirectMethodHandle$Holder.invokeStaticInit(java.lang.Object, java.lang.Object, int, int, int, int)'> (0x00000000eb8b9138) 
thrown [e:\jenkins\tmp\workspace\build\src\src\hotspot\share\interpreter\linkResolver.cpp, line 766]
Event: 4.868 Thread 0x0000023e13afd970 Exception <a 'java/lang/NoSuchMethodError'{0x00000000eb92e2d0}: 'void java.lang.invoke.DirectMethodHandle$Holder.invokeSpecial(java.lang.Object, java.lang.Object, java.lang.Object)'> (0x00000000eb92e2d0) 
thrown [e:\jenkins\tmp\workspace\build\src\src\hotspot\share\interpreter\linkResolver.cpp, line 766]
Event: 7.267 Thread 0x0000023e13afd970 Exception <a 'java/lang/NoSuchMethodError'{0x00000000ebe8e590}: 'java.lang.Object java.lang.invoke.DirectMethodHandle$Holder.newInvokeSpecial(java.lang.Object, int, java.lang.Object)'> (0x00000000ebe8e590) 
thrown [e:\jenkins\tmp\workspace\build\src\src\hotspot\share\interpreter\linkResolver.cpp, line 766]
Event: 8.376 Thread 0x0000023e13afd970 Exception <a 'java/lang/UnsatisfiedLinkError'{0x00000000ec18b148}: 'void org.eclipse.equinox.launcher.JNIBridge._update_splash()'> (0x00000000ec18b148) 
thrown [e:\jenkins\tmp\workspace\build\src\src\hotspot\share\prims\nativeLookup.cpp, line 543]

VM Operations (20 events):
Event: 2.063 Executing VM operation: Cleanup
Event: 2.064 Executing VM operation: Cleanup done
Event: 3.076 Executing VM operation: Cleanup
Event: 3.077 Executing VM operation: Cleanup done
Event: 3.790 Executing VM operation: HandshakeAllThreads
Event: 3.790 Executing VM operation: HandshakeAllThreads done
Event: 4.618 Executing VM operation: HandshakeAllThreads
Event: 4.619 Executing VM operation: HandshakeAllThreads done
Event: 4.619 Executing VM operation: Cleanup
Event: 4.619 Executing VM operation: Cleanup done
Event: 5.622 Executing VM operation: Cleanup
Event: 5.622 Executing VM operation: Cleanup done
Event: 6.632 Executing VM operation: Cleanup
Event: 6.994 Executing VM operation: Cleanup done
Event: 7.121 Executing VM operation: HandshakeAllThreads
Event: 7.121 Executing VM operation: HandshakeAllThreads done
Event: 7.162 Executing VM operation: HandshakeAllThreads
Event: 7.162 Executing VM operation: HandshakeAllThreads done
Event: 8.176 Executing VM operation: Cleanup
Event: 8.193 Executing VM operation: Cleanup done

Events (20 events):
Event: 7.977 loading class java/util/LinkedList$Node done
Event: 7.977 loading class java/util/LinkedList$ListItr
Event: 7.978 loading class java/util/LinkedList$ListItr done
Event: 8.022 loading class sun/nio/fs/WindowsChannelFactory
Event: 8.023 loading class sun/nio/fs/WindowsChannelFactory done
Event: 8.023 loading class sun/nio/fs/WindowsChannelFactory$1
Event: 8.023 loading class sun/nio/fs/WindowsChannelFactory$1 done
Event: 8.023 loading class sun/nio/fs/WindowsChannelFactory$Flags
Event: 8.023 loading class sun/nio/fs/WindowsChannelFactory$Flags done
Event: 8.024 loading class sun/nio/ch/FileChannelImpl$Closer
Event: 8.025 loading class sun/nio/ch/FileChannelImpl$Closer done
Event: 8.313 Thread 0x0000023e29ac9200 Thread added: 0x0000023e29ac9200
Event: 8.372 Thread 0x0000023e29ac96d0 Thread added: 0x0000023e29ac96d0
Event: 8.585 Loaded shared library C:\Users\Nobody\AppData\Roaming\Code\User\globalStorage\redhat.java\1.4.0\config_ss_win\org.eclipse.equinox.launcher\org.eclipse.equinox.launcher.win32.win32.x86_64_1.2.400.v20211117-0650\eclipse_11602.dll
Event: 8.586 loading class java/util/concurrent/locks/AbstractQueuedSynchronizer$SharedNode
Event: 8.586 loading class java/util/concurrent/locks/AbstractQueuedSynchronizer$SharedNode done
Event: 8.589 loading class java/util/concurrent/CountDownLatch
Event: 8.589 loading class java/util/concurrent/CountDownLatch done
Event: 8.589 loading class java/util/concurrent/CountDownLatch$Sync
Event: 8.589 loading class java/util/concurrent/CountDownLatch$Sync done


Dynamic libraries:
0x00007ff779780000 - 0x00007ff77978e000 	c:\Users\Nobody\.vscode\extensions\redhat.java-1.4.0\jre\17.0.2-win32-x86_64\bin\java.exe
0x00007ffc5ced0000 - 0x00007ffc5d0c5000 	C:\Windows\SYSTEM32\ntdll.dll
0x00007ffc5b230000 - 0x00007ffc5b2ed000 	C:\Windows\System32\KERNEL32.DLL
0x00007ffc5a7a0000 - 0x00007ffc5aa68000 	C:\Windows\System32\KERNELBASE.dll
0x00007ffc5a610000 - 0x00007ffc5a710000 	C:\Windows\System32\ucrtbase.dll
0x00007ffc49ca0000 - 0x00007ffc49cb8000 	c:\Users\Nobody\.vscode\extensions\redhat.java-1.4.0\jre\17.0.2-win32-x86_64\bin\jli.dll
0x00007ffc50710000 - 0x00007ffc50729000 	c:\Users\Nobody\.vscode\extensions\redhat.java-1.4.0\jre\17.0.2-win32-x86_64\bin\VCRUNTIME140.dll
0x00007ffc5af90000 - 0x00007ffc5b130000 	C:\Windows\System32\USER32.dll
0x00007ffc5ac70000 - 0x00007ffc5ac92000 	C:\Windows\System32\win32u.dll
0x00007ffc5b6d0000 - 0x00007ffc5b6fa000 	C:\Windows\System32\GDI32.dll
0x00007ffc5aa70000 - 0x00007ffc5ab7b000 	C:\Windows\System32\gdi32full.dll
0x00007ffc5ab80000 - 0x00007ffc5ac1d000 	C:\Windows\System32\msvcp_win.dll
0x00007ffc59930000 - 0x00007ffc59bca000 	C:\Windows\WinSxS\amd64_microsoft.windows.common-controls_6595b64144ccf1df_6.0.19041.1052_none_60b8f8fd71f5e8cb\COMCTL32.dll
0x00007ffc5ba80000 - 0x00007ffc5bb1e000 	C:\Windows\System32\msvcrt.dll
0x00007ffc5af40000 - 0x00007ffc5af70000 	C:\Windows\System32\IMM32.DLL
0x00007ffc542c0000 - 0x00007ffc542cc000 	c:\Users\Nobody\.vscode\extensions\redhat.java-1.4.0\jre\17.0.2-win32-x86_64\bin\vcruntime140_1.dll
0x00007ffc2fba0000 - 0x00007ffc2fc31000 	c:\Users\Nobody\.vscode\extensions\redhat.java-1.4.0\jre\17.0.2-win32-x86_64\bin\msvcp140.dll
0x00007ffc20c00000 - 0x00007ffc21847000 	c:\Users\Nobody\.vscode\extensions\redhat.java-1.4.0\jre\17.0.2-win32-x86_64\bin\server\jvm.dll
0x00007ffc5c080000 - 0x00007ffc5c12c000 	C:\Windows\System32\ADVAPI32.dll
0x00007ffc5b190000 - 0x00007ffc5b22b000 	C:\Windows\System32\sechost.dll
0x00007ffc5b700000 - 0x00007ffc5b82b000 	C:\Windows\System32\RPCRT4.dll
0x00007ffc5b650000 - 0x00007ffc5b658000 	C:\Windows\System32\PSAPI.DLL
0x00007ffc53d40000 - 0x00007ffc53d49000 	C:\Windows\SYSTEM32\WSOCK32.dll
0x00007ffc5b660000 - 0x00007ffc5b6cb000 	C:\Windows\System32\WS2_32.dll
0x00007ffc50760000 - 0x00007ffc50787000 	C:\Windows\SYSTEM32\WINMM.dll
0x00007ffc50790000 - 0x00007ffc5079a000 	C:\Windows\SYSTEM32\VERSION.dll
0x00007ffc57f10000 - 0x00007ffc57f22000 	C:\Windows\SYSTEM32\kernel.appcore.dll
0x00007ffc53d20000 - 0x00007ffc53d2a000 	c:\Users\Nobody\.vscode\extensions\redhat.java-1.4.0\jre\17.0.2-win32-x86_64\bin\jimage.dll
0x00007ffc59fa0000 - 0x00007ffc5a184000 	C:\Windows\SYSTEM32\DBGHELP.DLL
0x00007ffc59c30000 - 0x00007ffc59c5c000 	C:\Windows\SYSTEM32\dbgcore.DLL
0x00007ffc5a710000 - 0x00007ffc5a793000 	C:\Windows\System32\bcryptPrimitives.dll
0x00007ffc48850000 - 0x00007ffc48875000 	c:\Users\Nobody\.vscode\extensions\redhat.java-1.4.0\jre\17.0.2-win32-x86_64\bin\java.dll
0x00007ffc43aa0000 - 0x00007ffc43ab8000 	c:\Users\Nobody\.vscode\extensions\redhat.java-1.4.0\jre\17.0.2-win32-x86_64\bin\zip.dll
0x00007ffc5c400000 - 0x00007ffc5cb3f000 	C:\Windows\System32\SHELL32.dll
0x00007ffc58110000 - 0x00007ffc588a0000 	C:\Windows\SYSTEM32\windows.storage.dll
0x00007ffc5b2f0000 - 0x00007ffc5b645000 	C:\Windows\System32\combase.dll
0x00007ffc59c60000 - 0x00007ffc59c8c000 	C:\Windows\SYSTEM32\Wldp.dll
0x00007ffc5cb40000 - 0x00007ffc5cbee000 	C:\Windows\System32\SHCORE.dll
0x00007ffc5b830000 - 0x00007ffc5b885000 	C:\Windows\System32\shlwapi.dll
0x00007ffc5a550000 - 0x00007ffc5a56f000 	C:\Windows\SYSTEM32\profapi.dll
0x00007ffc43a80000 - 0x00007ffc43a99000 	C:\Users\Nobody\.vscode\extensions\redhat.java-1.4.0\jre\17.0.2-win32-x86_64\bin\net.dll
0x00007ffc49e20000 - 0x00007ffc49f2b000 	C:\Windows\SYSTEM32\WINHTTP.dll
0x00007ffc59720000 - 0x00007ffc5978a000 	C:\Windows\system32\mswsock.dll
0x00007ffc418c0000 - 0x00007ffc418d5000 	C:\Users\Nobody\.vscode\extensions\redhat.java-1.4.0\jre\17.0.2-win32-x86_64\bin\nio.dll
0x00007ffc5a330000 - 0x00007ffc5a348000 	C:\Windows\SYSTEM32\CRYPTSP.dll
0x00007ffc59060000 - 0x00007ffc59094000 	C:\Windows\system32\rsaenh.dll
0x00007ffc5ad00000 - 0x00007ffc5ad27000 	C:\Windows\System32\bcrypt.dll
0x00007ffc5a4d0000 - 0x00007ffc5a4fe000 	C:\Windows\SYSTEM32\USERENV.dll
0x00007ffc598f0000 - 0x00007ffc598fc000 	C:\Windows\SYSTEM32\CRYPTBASE.dll
0x00007ffc593b0000 - 0x00007ffc593eb000 	C:\Windows\SYSTEM32\IPHLPAPI.DLL
0x00007ffc5bb20000 - 0x00007ffc5bb28000 	C:\Windows\System32\NSI.dll
0x00007ffc4fcc0000 - 0x00007ffc4fcd7000 	C:\Windows\SYSTEM32\dhcpcsvc6.DLL
0x00007ffc50210000 - 0x00007ffc5022d000 	C:\Windows\SYSTEM32\dhcpcsvc.DLL
0x00007ffc593f0000 - 0x00007ffc594bc000 	C:\Windows\SYSTEM32\DNSAPI.dll
0x00007ffc37ed0000 - 0x00007ffc37f0e000 	C:\Users\Nobody\AppData\Roaming\Code\User\globalStorage\redhat.java\1.4.0\config_ss_win\org.eclipse.equinox.launcher\org.eclipse.equinox.launcher.win32.win32.x86_64_1.2.400.v20211117-0650\eclipse_11602.dll
0x00007ffc5b890000 - 0x00007ffc5b9ba000 	C:\Windows\System32\ole32.dll

dbghelp: loaded successfully - version: 4.0.5 - missing functions: none
symbol engine: initialized successfully - sym options: 0x614 - pdb path: .;c:\Users\Nobody\.vscode\extensions\redhat.java-1.4.0\jre\17.0.2-win32-x86_64\bin;C:\Windows\SYSTEM32;C:\Windows\WinSxS\amd64_microsoft.windows.common-controls_6595b64144ccf1df_6.0.19041.1052_none_60b8f8fd71f5e8cb;c:\Users\Nobody\.vscode\extensions\redhat.java-1.4.0\jre\17.0.2-win32-x86_64\bin\server;C:\Users\Nobody\AppData\Roaming\Code\User\globalStorage\redhat.java\1.4.0\config_ss_win\org.eclipse.equinox.launcher\org.eclipse.equinox.launcher.win32.win32.x86_64_1.2.400.v20211117-0650

VM Arguments:
jvm_args: --add-modules=ALL-SYSTEM --add-opens=java.base/java.util=ALL-UNNAMED --add-opens=java.base/java.lang=ALL-UNNAMED --add-opens=java.base/sun.nio.fs=ALL-UNNAMED -Declipse.application=org.eclipse.jdt.ls.core.id1 -Dosgi.bundles.defaultStartLevel=4 -Declipse.product=org.eclipse.jdt.ls.core.product -Djava.import.generatesMetadataFilesAtProjectRoot=false -Dfile.encoding=utf8 -DwatchParentProcess=false -XX:+UseParallelGC -XX:GCTimeRatio=4 -XX:AdaptiveSizePolicyWeight=90 -Dsun.zip.disableMemoryMapping=true -Xmx1G -Xms100m 
java_command: c:\Users\Nobody\.vscode\extensions\redhat.java-1.4.0\server\plugins\org.eclipse.equinox.launcher_1.6.400.v20210924-0641.jar -configuration c:\Users\Nobody\AppData\Roaming\Code\User\globalStorage\redhat.java\1.4.0\config_ss_win -data c:\Users\Nobody\AppData\Roaming\Code\User\workspaceStorage\aeb33c1a9e6a7f189b9dbbc18b0d2e2f\redhat.java\ss_ws
java_class_path (initial): c:\Users\Nobody\.vscode\extensions\redhat.java-1.4.0\server\plugins\org.eclipse.equinox.launcher_1.6.400.v20210924-0641.jar
Launcher Type: SUN_STANDARD

[Global flags]
    uintx AdaptiveSizePolicyWeight                 = 90                                        {product} {command line}
     intx CICompilerCount                          = 3                                         {product} {ergonomic}
    uintx GCTimeRatio                              = 4                                         {product} {command line}
   size_t InitialHeapSize                          = 104857600                                 {product} {command line}
   size_t MaxHeapSize                              = 1073741824                                {product} {command line}
   size_t MaxNewSize                               = 357564416                                 {product} {ergonomic}
   size_t MinHeapDeltaBytes                        = 524288                                    {product} {ergonomic}
   size_t MinHeapSize                              = 104857600                                 {product} {command line}
   size_t NewSize                                  = 34603008                                  {product} {ergonomic}
    uintx NonNMethodCodeHeapSize                   = 5832780                                {pd product} {ergonomic}
    uintx NonProfiledCodeHeapSize                  = 122912730                              {pd product} {ergonomic}
   size_t OldSize                                  = 70254592                                  {product} {ergonomic}
    uintx ProfiledCodeHeapSize                     = 122912730                              {pd product} {ergonomic}
    uintx ReservedCodeCacheSize                    = 251658240                              {pd product} {ergonomic}
     bool SegmentedCodeCache                       = true                                      {product} {ergonomic}
   size_t SoftMaxHeapSize                          = 1073741824                             {manageable} {ergonomic}
     bool UseCompressedClassPointers               = true                           {product lp64_product} {ergonomic}
     bool UseCompressedOops                        = true                           {product lp64_product} {ergonomic}
     bool UseLargePagesIndividualAllocation        = false                                  {pd product} {ergonomic}
     bool UseParallelGC                            = true                                      {product} {command line}

Logging:
Log output configuration:
 #0: stdout all=warning uptime,level,tags
 #1: stderr all=off uptime,level,tags

Environment Variables:
PATH=C:\Program Files\Common Files\Oracle\Java\javapath;C:\Windows\system32;C:\Windows;C:\Windows\System32\Wbem;C:\Windows\System32\WindowsPowerShell\v1.0\;C:\Windows\System32\OpenSSH\;C:\msys64\mingw64\bin;C:\Program Files\Java\jdk-17.0.1\bin;C:\Program Files\Git\cmd;C:\Program Files\MySQL\MySQL Shell 8.0\bin\;C:\Users\Nobody\AppData\Local\Microsoft\WindowsApps;;C:\Microsoft VS Code\bin
USERNAME=Nobody
OS=Windows_NT
PROCESSOR_IDENTIFIER=AMD64 Family 22 Model 48 Stepping 1, AuthenticAMD



---------------  S Y S T E M  ---------------

OS:
 Windows 10 , 64 bit Build 19041 (10.0.19041.1023)
OS uptime: 3 days 9:41 hours

CPU: total 4 (initial active 4) (4 cores per cpu, 1 threads per core) family 22 model 48 stepping 1 microcode 0x0, cx8, cmov, fxsr, mmx, 3dnowpref, sse, sse2, sse3, ssse3, sse4a, sse4.1, sse4.2, popcnt, lzcnt, tsc, tscinvbit, avx, aes, clmul, bmi1, vzeroupper, clflush

Memory: 4k page, system-wide physical 3544M (607M free)
TotalPageFile size 7855M (AvailPageFile size 1100M)
current process WorkingSet (physical memory assigned to process): 68M, peak: 68M
current process commit charge ("private bytes"): 184M, peak: 186M

vm_info: OpenJDK 64-Bit Server VM (17.0.2+8) for windows-amd64 JRE (17.0.2+8), built on Jan 20 2022 04:52:34 by "" with MS VC++ 16.7 (VS2019)

END.
